<?xml version="1.0" encoding="UTF-8"?>
<!-- Generated by org.testng.reporters.JUnitReportReporter -->
<testsuite hostname="DESKTOP-N70P6Q0" failures="0" tests="1" name="TestRunner.CucumberTestRunner" time="8.884" errors="1" timestamp="2023-09-21T15:43:29 IST" skipped="0">
  <testcase classname="TestRunner.CucumberTestRunner" name="runScenario" time="8.884">
    <error message="Cannot invoke &quot;org.openqa.selenium.WebElement.sendKeys(java.lang.CharSequence[])&quot; because &quot;this.user_name&quot; is null" type="java.lang.NullPointerException">
      <![CDATA[java.lang.NullPointerException: Cannot invoke "org.openqa.selenium.WebElement.sendKeys(java.lang.CharSequence[])" because "this.user_name" is null
at PageFactory.PageFactorylogin.EnterUsername(PageFactorylogin.java:30)
at StepDefinitions.PageFactoryLoginStepDefinitions.user_enters_valid_and(PageFactoryLoginStepDefinitions.java:40)
at âœ½.User enters valid "training@jalaacademy.com" And "jobprogram"(file:///C:/Users/HP/eclipse-workspace/BddFramework/src/test/resources/Features/login.feature:5)
]]>
    </error>
  </testcase> <!-- runScenario -->
  <system-out/>
</testsuite> <!-- TestRunner.CucumberTestRunner -->
